<?xml version="1.0" encoding="UTF-8"?>
<!-- Generated by org.testng.reporters.JUnitReportReporter -->
<testsuite skipped="0" hostname="Manoujithas-Air" name="com.sample.data_republic.sample_ebay.TestRunner" tests="2" failures="0" timestamp="17 Mar 2018 09:12:23 GMT" time="64.609" errors="0">
  <testcase name="feature" time="31.156" classname="com.sample.data_republic.sample_ebay.TestRunner"/>
  <testcase name="feature" time="33.453" classname="com.sample.data_republic.sample_ebay.TestRunner"/>
</testsuite> <!-- com.sample.data_republic.sample_ebay.TestRunner -->
